{"level":"info","message":"🚀 Server running on port 4000","timestamp":"2025-10-04T23:41:22.820Z"}
{"level":"info","message":"📊 Health check: http://localhost:4000/api/health","timestamp":"2025-10-04T23:41:22.821Z"}
{"level":"info","message":"🚀 Server running on port 4000","timestamp":"2025-10-04T23:41:25.889Z"}
{"level":"info","message":"📊 Health check: http://localhost:4000/api/health","timestamp":"2025-10-04T23:41:25.890Z"}
{"level":"info","message":"🚀 Server running on port 4000","timestamp":"2025-10-04T23:41:28.954Z"}
{"level":"info","message":"📊 Health check: http://localhost:4000/api/health","timestamp":"2025-10-04T23:41:28.954Z"}
{"level":"info","message":"🚀 Server running on port 4000","timestamp":"2025-10-04T23:41:32.455Z"}
{"level":"info","message":"📊 Health check: http://localhost:4000/api/health","timestamp":"2025-10-04T23:41:32.455Z"}
{"level":"info","message":"🚀 Server running on port 4000","timestamp":"2025-10-04T23:41:39.031Z"}
{"level":"info","message":"📊 Health check: http://localhost:4000/api/health","timestamp":"2025-10-04T23:41:39.031Z"}
{"level":"info","message":"🚀 Server running on port 4000","timestamp":"2025-10-04T23:41:51.430Z"}
{"level":"info","message":"📊 Health check: http://localhost:4000/api/health","timestamp":"2025-10-04T23:41:51.431Z"}
{"level":"info","message":"🚀 Server running on port 4000","timestamp":"2025-10-04T23:41:54.504Z"}
{"level":"info","message":"📊 Health check: http://localhost:4000/api/health","timestamp":"2025-10-04T23:41:54.505Z"}
{"level":"info","message":"🚀 Server running on port 4000","timestamp":"2025-10-04T23:41:57.796Z"}
{"level":"info","message":"📊 Health check: http://localhost:4000/api/health","timestamp":"2025-10-04T23:41:57.796Z"}
{"level":"info","message":"🚀 Server running on port 4000","timestamp":"2025-10-04T23:42:01.221Z"}
{"level":"info","message":"📊 Health check: http://localhost:4000/api/health","timestamp":"2025-10-04T23:42:01.221Z"}
{"level":"info","message":"🚀 Server running on port 4000","timestamp":"2025-10-04T23:42:03.884Z"}
{"level":"info","message":"📊 Health check: http://localhost:4000/api/health","timestamp":"2025-10-04T23:42:03.884Z"}
{"level":"info","message":"🚀 Server running on port 4000","timestamp":"2025-10-04T23:42:07.003Z"}
{"level":"info","message":"📊 Health check: http://localhost:4000/api/health","timestamp":"2025-10-04T23:42:07.003Z"}
{"level":"info","message":"🚀 Server running on port 4000","timestamp":"2025-10-04T23:42:21.084Z"}
{"level":"info","message":"📊 Health check: http://localhost:4000/api/health","timestamp":"2025-10-04T23:42:21.085Z"}
{"level":"info","message":"🚀 Server running on port 4000","timestamp":"2025-10-04T23:42:23.796Z"}
{"level":"info","message":"📊 Health check: http://localhost:4000/api/health","timestamp":"2025-10-04T23:42:23.797Z"}
{"level":"info","message":"🚀 Server running on port 4000","timestamp":"2025-10-04T23:42:26.530Z"}
{"level":"info","message":"📊 Health check: http://localhost:4000/api/health","timestamp":"2025-10-04T23:42:26.530Z"}
{"level":"info","message":"🚀 Server running on port 4000","timestamp":"2025-10-04T23:42:29.315Z"}
{"level":"info","message":"📊 Health check: http://localhost:4000/api/health","timestamp":"2025-10-04T23:42:29.316Z"}
{"level":"info","message":"🚀 Server running on port 4000","timestamp":"2025-10-04T23:42:32.761Z"}
{"level":"info","message":"📊 Health check: http://localhost:4000/api/health","timestamp":"2025-10-04T23:42:32.762Z"}
{"level":"info","message":"🚀 Server running on port 4000","timestamp":"2025-10-04T23:42:35.793Z"}
{"level":"info","message":"📊 Health check: http://localhost:4000/api/health","timestamp":"2025-10-04T23:42:35.794Z"}
{"level":"info","message":"🚀 Server running on port 4000","timestamp":"2025-10-04T23:42:39.020Z"}
{"level":"info","message":"📊 Health check: http://localhost:4000/api/health","timestamp":"2025-10-04T23:42:39.020Z"}
{"level":"info","message":"🚀 Server running on port 4000","timestamp":"2025-10-04T23:42:45.670Z"}
{"level":"info","message":"📊 Health check: http://localhost:4000/api/health","timestamp":"2025-10-04T23:42:45.671Z"}
{"level":"info","message":"🚀 Server running on port 4000","timestamp":"2025-10-04T23:42:48.370Z"}
{"level":"info","message":"📊 Health check: http://localhost:4000/api/health","timestamp":"2025-10-04T23:42:48.370Z"}
{"level":"info","message":"🚀 Server running on port 4000","timestamp":"2025-10-04T23:42:53.850Z"}
{"level":"info","message":"📊 Health check: http://localhost:4000/api/health","timestamp":"2025-10-04T23:42:53.850Z"}
{"level":"info","message":"🚀 Server running on port 4000","timestamp":"2025-10-04T23:42:57.705Z"}
{"level":"info","message":"📊 Health check: http://localhost:4000/api/health","timestamp":"2025-10-04T23:42:57.706Z"}
{"level":"info","message":"🚀 Server running on port 4000","timestamp":"2025-10-04T23:43:00.610Z"}
{"level":"info","message":"📊 Health check: http://localhost:4000/api/health","timestamp":"2025-10-04T23:43:00.610Z"}
{"level":"info","message":"🚀 Server running on port 4000","timestamp":"2025-10-04T23:43:03.402Z"}
{"level":"info","message":"📊 Health check: http://localhost:4000/api/health","timestamp":"2025-10-04T23:43:03.402Z"}
{"level":"info","message":"🚀 Server running on port 4000","timestamp":"2025-10-04T23:43:09.471Z"}
{"level":"info","message":"📊 Health check: http://localhost:4000/api/health","timestamp":"2025-10-04T23:43:09.471Z"}
{"level":"info","message":"🚀 Server running on port 4000","timestamp":"2025-10-04T23:43:14.276Z"}
{"level":"info","message":"📊 Health check: http://localhost:4000/api/health","timestamp":"2025-10-04T23:43:14.276Z"}
{"level":"info","message":"🚀 Server running on port 4000","timestamp":"2025-10-04T23:43:17.064Z"}
{"level":"info","message":"📊 Health check: http://localhost:4000/api/health","timestamp":"2025-10-04T23:43:17.065Z"}
{"level":"info","message":"🚀 Server running on port 4000","timestamp":"2025-10-04T23:43:19.470Z"}
{"level":"info","message":"📊 Health check: http://localhost:4000/api/health","timestamp":"2025-10-04T23:43:19.470Z"}
{"level":"info","message":"🚀 Server running on port 4000","timestamp":"2025-10-04T23:43:22.268Z"}
{"level":"info","message":"📊 Health check: http://localhost:4000/api/health","timestamp":"2025-10-04T23:43:22.268Z"}
{"level":"info","message":"🚀 Server running on port 4000","timestamp":"2025-10-04T23:43:25.166Z"}
{"level":"info","message":"📊 Health check: http://localhost:4000/api/health","timestamp":"2025-10-04T23:43:25.167Z"}
{"level":"info","message":"🚀 Server running on port 4000","timestamp":"2025-10-04T23:43:41.598Z"}
{"level":"info","message":"📊 Health check: http://localhost:4000/api/health","timestamp":"2025-10-04T23:43:41.598Z"}
{"level":"info","message":"🚀 Server running on port 4000","timestamp":"2025-10-04T23:44:01.877Z"}
{"level":"info","message":"📊 Health check: http://localhost:4000/api/health","timestamp":"2025-10-04T23:44:01.877Z"}
{"clientVersion":"6.16.3","code":"P2022","level":"error","message":"Get save error: \nInvalid `prisma.save.findUnique()` invocation in\n/Users/georget/Desktop/Personal Projects/sologains-website/server/src/controllers/gameController.ts:36:36\n\n  33 export const getSave = async (req: AuthenticatedRequest, res: Response) => {\n  34   try {\n  35     const userId = req.user!.userId;\n→ 36     const save = await prisma.save.findUnique(\nThe column `Save.lastEnergyUpdate` does not exist in the current database.","meta":{"column":"Save.lastEnergyUpdate","modelName":"Save"},"name":"PrismaClientKnownRequestError","stack":"PrismaClientKnownRequestError: \nInvalid `prisma.save.findUnique()` invocation in\n/Users/georget/Desktop/Personal Projects/sologains-website/server/src/controllers/gameController.ts:36:36\n\n  33 export const getSave = async (req: AuthenticatedRequest, res: Response) => {\n  34   try {\n  35     const userId = req.user!.userId;\n→ 36     const save = await prisma.save.findUnique(\nThe column `Save.lastEnergyUpdate` does not exist in the current database.\n    at ei.handleRequestError (/Users/georget/Desktop/Personal Projects/sologains-website/server/node_modules/@prisma/client/src/runtime/RequestHandler.ts:228:13)\n    at ei.handleAndLogRequestError (/Users/georget/Desktop/Personal Projects/sologains-website/server/node_modules/@prisma/client/src/runtime/RequestHandler.ts:174:12)\n    at ei.request (/Users/georget/Desktop/Personal Projects/sologains-website/server/node_modules/@prisma/client/src/runtime/RequestHandler.ts:143:12)\n    at a (/Users/georget/Desktop/Personal Projects/sologains-website/server/node_modules/@prisma/client/src/runtime/getPrismaClient.ts:833:24)\n    at getSave (/Users/georget/Desktop/Personal Projects/sologains-website/server/src/controllers/gameController.ts:36:18)","timestamp":"2025-10-04T23:48:06.268Z"}
{"level":"error","message":"Save not found for user cmgcvyt3e0000ux7w0kj90rd1","timestamp":"2025-10-04T23:48:50.103Z"}
{"level":"error","message":"Save not found for user cmgcvyt3e0000ux7w0kj90rd1","timestamp":"2025-10-04T23:48:51.555Z"}
{"level":"error","message":"Save not found for user cmgcvyt3e0000ux7w0kj90rd1","timestamp":"2025-10-04T23:48:51.592Z"}
{"level":"error","message":"Save not found for user cmgcvyt3e0000ux7w0kj90rd1","timestamp":"2025-10-04T23:48:53.920Z"}
{"level":"error","message":"Save not found for user cmgcvyt3e0000ux7w0kj90rd1","timestamp":"2025-10-04T23:48:53.959Z"}
{"level":"error","message":"Save not found for user cmgcvyt3e0000ux7w0kj90rd1","timestamp":"2025-10-04T23:48:59.056Z"}
{"level":"error","message":"Save not found for user cmgcvyt3e0000ux7w0kj90rd1","timestamp":"2025-10-04T23:48:59.092Z"}
{"level":"error","message":"Save not found for user cmgcvyt3e0000ux7w0kj90rd1","timestamp":"2025-10-04T23:49:00.293Z"}
{"level":"error","message":"Save not found for user cmgcvyt3e0000ux7w0kj90rd1","timestamp":"2025-10-04T23:49:00.330Z"}
{"level":"error","message":"Save not found for user cmgcvyt3e0000ux7w0kj90rd1","timestamp":"2025-10-04T23:49:03.180Z"}
{"level":"error","message":"Save not found for user cmgcvyt3e0000ux7w0kj90rd1","timestamp":"2025-10-04T23:49:03.218Z"}
{"level":"error","message":"Save not found for user cmgcvyt3e0000ux7w0kj90rd1","timestamp":"2025-10-04T23:49:07.174Z"}
{"level":"error","message":"Save not found for user cmgcvyt3e0000ux7w0kj90rd1","timestamp":"2025-10-04T23:49:07.213Z"}
{"level":"info","message":"🚀 Server running on port 4000","timestamp":"2025-10-04T23:49:15.976Z"}
{"level":"info","message":"📊 Health check: http://localhost:4000/api/health","timestamp":"2025-10-04T23:49:15.976Z"}
{"level":"error","message":"Save not found for user cmgcvyt3e0000ux7w0kj90rd1","timestamp":"2025-10-04T23:49:20.453Z"}
{"level":"error","message":"Save not found for user cmgcvyt3e0000ux7w0kj90rd1","timestamp":"2025-10-04T23:49:20.493Z"}
{"level":"error","message":"Save not found for user cmgcvyt3e0000ux7w0kj90rd1","timestamp":"2025-10-04T23:49:22.251Z"}
{"level":"error","message":"Save not found for user cmgcvyt3e0000ux7w0kj90rd1","timestamp":"2025-10-04T23:49:22.290Z"}
{"level":"error","message":"Save not found for user cmgcvyt3e0000ux7w0kj90rd1","timestamp":"2025-10-04T23:49:27.040Z"}
{"level":"error","message":"Save not found for user cmgcvyt3e0000ux7w0kj90rd1","timestamp":"2025-10-04T23:49:27.080Z"}
{"level":"error","message":"Save not found for user cmgcvyt3e0000ux7w0kj90rd1","timestamp":"2025-10-04T23:49:31.140Z"}
{"level":"error","message":"Save not found for user cmgcvyt3e0000ux7w0kj90rd1","timestamp":"2025-10-04T23:49:31.178Z"}
{"level":"error","message":"Save not found for user cmgcvyt3e0000ux7w0kj90rd1","timestamp":"2025-10-04T23:49:35.012Z"}
{"level":"error","message":"Save not found for user cmgcvyt3e0000ux7w0kj90rd1","timestamp":"2025-10-04T23:49:35.050Z"}
{"level":"error","message":"Save not found for user cmgcvyt3e0000ux7w0kj90rd1","timestamp":"2025-10-04T23:49:38.156Z"}
{"level":"error","message":"Save not found for user cmgcvyt3e0000ux7w0kj90rd1","timestamp":"2025-10-04T23:49:38.193Z"}
{"level":"error","message":"Save not found for user cmgcvyt3e0000ux7w0kj90rd1","timestamp":"2025-10-04T23:49:42.310Z"}
{"level":"error","message":"Save not found for user cmgcvyt3e0000ux7w0kj90rd1","timestamp":"2025-10-04T23:49:42.347Z"}
{"level":"info","message":"Daily reset for user cmgcxe7qk0000uxg9b0lrxn82: 2025-10-04 (was null)","timestamp":"2025-10-04T23:50:12.575Z"}
